<?xml version="1.0" encoding="UTF-8"?>
<!-- Generated by org.testng.reporters.JUnitXMLReporter -->
<testsuite ignored="1" hostname="DESKTOP-ID05AMG" failures="0" tests="2" name="PersonalLoan" time="0.037" errors="0" timestamp="2024-06-22T20:27:40 IST">
  <testcase classname="PersonalLoan.Test1" name="EligibilityCriteria" time="0.0"/>
  <testcase classname="PersonalLoan.Test1" name="MobileTestCase" time="0.005"/>
  <testcase classname="PersonalLoan.Test1" name="RestApitestCase" time="0.0">
    <ignored/>
  </testcase> <!-- RestApitestCase -->
</testsuite> <!-- PersonalLoan -->
