<?xml version="1.0" encoding="UTF-8"?>
<!-- Generated by org.testng.reporters.JUnitXMLReporter -->
<testsuite ignored="0" hostname="DESKTOP-ID05AMG" failures="0" tests="8" name="Test" time="0.253" errors="0" timestamp="2024-06-22T20:27:40 IST">
  <testcase classname="HomeLoan.Test1" name="EligibilityCriteria" time="0.023"/>
  <testcase classname="HomeLoan.Test1" name="MobileLogin" time="0.0"/>
  <testcase classname="HomeLoan.Test1" name="MobileLogout" time="0.0"/>
  <testcase classname="HomeLoan.Test1" name="MobileTestCase" time="0.016"/>
  <testcase classname="HomeLoan.Test1" name="RestApitestCase" time="0.016"/>
  <testcase classname="PersonalLoan.Test1" name="EligibilityCriteria" time="0.0"/>
  <testcase classname="PersonalLoan.Test1" name="MobileTestCase" time="0.0"/>
  <testcase classname="PersonalLoan.Test1" name="RestApitestCase" time="0.0"/>
</testsuite> <!-- Test -->
