<?xml version="1.0" encoding="UTF-8"?>
<testng-results ignored="0" total="1" passed="1" failed="0" skipped="0">
  <reporter-output>
  </reporter-output>
  <suite started-at="2024-10-02T15:30:04 IST" name="Default suite" finished-at="2024-10-02T15:30:04 IST" duration-ms="149">
    <groups>
    </groups>
    <test started-at="2024-10-02T15:30:04 IST" name="Default test" finished-at="2024-10-02T15:30:04 IST" duration-ms="149">
      <class name="CodePractice.SortStringsWithSpecialCharacterBasedOnGivenPriority">
        <test-method signature="testSpecialCHaracterSorting()[pri:0, instance:CodePractice.SortStringsWithSpecialCharacterBasedOnGivenPriority@47d9a273]" started-at="2024-10-02T15:30:04 IST" name="testSpecialCHaracterSorting" finished-at="2024-10-02T15:30:04 IST" duration-ms="31" status="PASS">
          <reporter-output>
          </reporter-output>
        </test-method> <!-- testSpecialCHaracterSorting -->
      </class> <!-- CodePractice.SortStringsWithSpecialCharacterBasedOnGivenPriority -->
    </test> <!-- Default test -->
  </suite> <!-- Default suite -->
</testng-results>
